# JRE version: OpenJDK Runtime Environment (25.0.2) (build 25.0.2+-15348964-b329.117)
# Java VM: OpenJDK 64-Bit Server VM (25.0.2+-15348964-b329.117, mixed mode, tiered, compressed oops, compressed class ptrs, g1 gc, windows-amd64)
GC Precious Log:
 CardTable entry size: 512
 Card Set container configuration: InlinePtr #cards 4 size 8 Array Of Cards #cards 16 size 48 Howl #buckets 8 coarsen threshold 3686 Howl Bitmap #cards 512 size 80 coarsen threshold 460 Card regions per heap region 1 cards per card region 4096
 CPUs: 8 total, 8 available
 Memory: 16304M
 Large Page Support: Disabled
 NUMA Support: Disabled
 Compressed Oops: Enabled (Zero based)
 Heap Region Size: 2M
 Heap Min Capacity: 8M
 Heap Initial Capacity: 256M
 Heap Max Capacity: 4078M
 Pre-touch: Disabled
 Parallel Workers: 8
 Concurrent Workers: 2
 Concurrent Refinement Workers: 8
 Periodic GC: Disabled
Heap:
 garbage-first heap   total reserved 4175872K, committed 180224K, used 88351K [0x0000000701200000, 0x0000000800000000)
  region size 2048K, 6 young (12288K), 3 survivors (6144K)
GC Heap Usage History (20 events):
Event: 4.406 {heap Before GC invocations=9 (full 0):
 garbage-first heap   total reserved 4175872K, committed 36864K, used 28550K [0x0000000701200000, 0x0000000800000000)
  region size 2048K, 6 young (12288K), 1 survivors (2048K)
}
Event: 4.409 {heap After GC invocations=10 (full 0):
 garbage-first heap   total reserved 4175872K, committed 36864K, used 18895K [0x0000000701200000, 0x0000000800000000)
  region size 2048K, 1 young (2048K), 1 survivors (2048K)
}
Event: 4.569 {heap Before GC invocations=10 (full 0):
 garbage-first heap   total reserved 4175872K, committed 36864K, used 29135K [0x0000000701200000, 0x0000000800000000)
  region size 2048K, 6 young (12288K), 1 survivors (2048K)
}
Event: 4.574 {heap After GC invocations=11 (full 0):
 garbage-first heap   total reserved 4175872K, committed 149504K, used 19562K [0x0000000701200000, 0x0000000800000000)
  region size 2048K, 1 young (2048K), 1 survivors (2048K)
}
Event: 6.460 {heap Before GC invocations=11 (full 0):
 garbage-first heap   total reserved 4175872K, committed 149504K, used 105578K [0x0000000701200000, 0x0000000800000000)
  region size 2048K, 43 young (88064K), 1 survivors (2048K)
}
Event: 6.479 {heap After GC invocations=12 (full 0):
 garbage-first heap   total reserved 4175872K, committed 149504K, used 30859K [0x0000000701200000, 0x0000000800000000)
  region size 2048K, 6 young (12288K), 6 survivors (12288K)
}
Event: 8.385 {heap Before GC invocations=12 (full 0):
 garbage-first heap   total reserved 4175872K, committed 149504K, used 106635K [0x0000000701200000, 0x0000000800000000)
  region size 2048K, 43 young (88064K), 6 survivors (12288K)
}
Event: 8.423 {heap After GC invocations=13 (full 0):
 garbage-first heap   total reserved 4175872K, committed 149504K, used 42973K [0x0000000701200000, 0x0000000800000000)
  region size 2048K, 6 young (12288K), 6 survivors (12288K)
}
Event: 9.285 {heap Before GC invocations=13 (full 0):
 garbage-first heap   total reserved 4175872K, committed 149504K, used 114653K [0x0000000701200000, 0x0000000800000000)
  region size 2048K, 41 young (83968K), 6 survivors (12288K)
}
Event: 9.306 {heap After GC invocations=14 (full 0):
 garbage-first heap   total reserved 4175872K, committed 149504K, used 48610K [0x0000000701200000, 0x0000000800000000)
  region size 2048K, 2 young (4096K), 2 survivors (4096K)
}
Event: 9.461 {heap Before GC invocations=14 (full 0):
 garbage-first heap   total reserved 4175872K, committed 149504K, used 52706K [0x0000000701200000, 0x0000000800000000)
  region size 2048K, 5 young (10240K), 2 survivors (4096K)
}
Event: 9.466 {heap After GC invocations=15 (full 0):
 garbage-first heap   total reserved 4175872K, committed 149504K, used 49340K [0x0000000701200000, 0x0000000800000000)
  region size 2048K, 3 young (6144K), 3 survivors (6144K)
}
Event: 12.219 {heap Before GC invocations=16 (full 0):
 garbage-first heap   total reserved 4175872K, committed 149504K, used 123068K [0x0000000701200000, 0x0000000800000000)
  region size 2048K, 39 young (79872K), 3 survivors (6144K)
}
Event: 12.242 {heap After GC invocations=17 (full 0):
 garbage-first heap   total reserved 4175872K, committed 149504K, used 60124K [0x0000000701200000, 0x0000000800000000)
  region size 2048K, 5 young (10240K), 5 survivors (10240K)
}
Event: 14.250 {heap Before GC invocations=17 (full 0):
 garbage-first heap   total reserved 4175872K, committed 149504K, used 123612K [0x0000000701200000, 0x0000000800000000)
  region size 2048K, 36 young (73728K), 5 survivors (10240K)
}
Event: 14.276 {heap After GC invocations=18 (full 0):
 garbage-first heap   total reserved 4175872K, committed 149504K, used 68713K [0x0000000701200000, 0x0000000800000000)
  region size 2048K, 5 young (10240K), 5 survivors (10240K)
}
Event: 16.523 {heap Before GC invocations=18 (full 0):
 garbage-first heap   total reserved 4175872K, committed 149504K, used 128105K [0x0000000701200000, 0x0000000800000000)
  region size 2048K, 33 young (67584K), 5 survivors (10240K)
}
Event: 16.540 {heap After GC invocations=19 (full 0):
 garbage-first heap   total reserved 4175872K, committed 180224K, used 77622K [0x0000000701200000, 0x0000000800000000)
  region size 2048K, 3 young (6144K), 3 survivors (6144K)
}
Event: 19.283 {heap Before GC invocations=19 (full 0):
 garbage-first heap   total reserved 4175872K, committed 180224K, used 153398K [0x0000000701200000, 0x0000000800000000)
  region size 2048K, 40 young (81920K), 3 survivors (6144K)
}
Event: 19.298 {heap After GC invocations=20 (full 0):
 garbage-first heap   total reserved 4175872K, committed 180224K, used 84255K [0x0000000701200000, 0x0000000800000000)
  region size 2048K, 3 young (6144K), 3 survivors (6144K)
}

